$GPRMC,000000,V,4044.374,N,07359.383,W,0.00,0.00,010070,,*1A
$GPGGA,000000,4044.374,N,07359.383,W,0,00,0.0,0.000,M,0.0,M,,*65
$GPRMC,000000,V,4044.377,N,07359.383,W,0.00,0.00,010070,,*19
$GPGGA,000000,4044.377,N,07359.383,W,0,00,0.0,0.000,M,0.0,M,,*66
$GPRMC,000000,V,4044.380,N,07359.384,W,0.00,0.00,010070,,*16
$GPGGA,000000,4044.380,N,07359.384,W,0,00,0.0,0.000,M,0.0,M,,*69
$GPRMC,000000,V,4044.382,N,07359.384,W,0.00,0.00,010070,,*14
$GPGGA,000000,4044.382,N,07359.384,W,0,00,0.0,0.000,M,0.0,M,,*6B
$GPRMC,000000,V,4044.385,N,07359.384,W,0.00,0.00,010070,,*13
$GPGGA,000000,4044.385,N,07359.384,W,0,00,0.0,0.000,M,0.0,M,,*6C
$GPRMC,000000,V,4044.387,N,07359.383,W,0.00,0.00,010070,,*16
$GPGGA,000000,4044.387,N,07359.383,W,0,00,0.0,0.000,M,0.0,M,,*69
$GPRMC,000000,V,4044.389,N,07359.382,W,0.00,0.00,010070,,*19
$GPGGA,000000,4044.389,N,07359.382,W,0,00,0.0,0.000,M,0.0,M,,*66
$GPRMC,000000,V,4044.391,N,07359.383,W,0.00,0.00,010070,,*11
$GPGGA,000000,4044.391,N,07359.383,W,0,00,0.0,0.000,M,0.0,M,,*6E
$GPRMC,000000,V,4044.393,N,07359.385,W,0.00,0.00,010070,,*15
$GPGGA,000000,4044.393,N,07359.385,W,0,00,0.0,0.000,M,0.0,M,,*6A
$GPRMC,000000,V,4044.394,N,07359.388,W,0.00,0.00,010070,,*1F
$GPGGA,000000,4044.394,N,07359.388,W,0,00,0.0,0.000,M,0.0,M,,*60
$GPRMC,000000,V,4044.394,N,07359.391,W,0.00,0.00,010070,,*17
$GPGGA,000000,4044.394,N,07359.391,W,0,00,0.0,0.000,M,0.0,M,,*68
$GPRMC,000000,V,4044.395,N,07359.393,W,0.00,0.00,010070,,*14
$GPGGA,000000,4044.395,N,07359.393,W,0,00,0.0,0.000,M,0.0,M,,*6B
$GPRMC,000000,V,4044.396,N,07359.396,W,0.00,0.00,010070,,*12
$GPGGA,000000,4044.396,N,07359.396,W,0,00,0.0,0.000,M,0.0,M,,*6D
$GPRMC,000000,V,4044.397,N,07359.399,W,0.00,0.00,010070,,*1C
$GPGGA,000000,4044.397,N,07359.399,W,0,00,0.0,0.000,M,0.0,M,,*63
$GPRMC,000000,V,4044.398,N,07359.402,W,0.00,0.00,010070,,*16
$GPGGA,000000,4044.398,N,07359.402,W,0,00,0.0,0.000,M,0.0,M,,*69
$GPRMC,000000,V,4044.399,N,07359.405,W,0.00,0.00,010070,,*10
$GPGGA,000000,4044.399,N,07359.405,W,0,00,0.0,0.000,M,0.0,M,,*6F
$GPRMC,000000,V,4044.400,N,07359.407,W,0.00,0.00,010070,,*15
$GPGGA,000000,4044.400,N,07359.407,W,0,00,0.0,0.000,M,0.0,M,,*6A
$GPRMC,000000,V,4044.401,N,07359.410,W,0.00,0.00,010070,,*12
$GPGGA,000000,4044.401,N,07359.410,W,0,00,0.0,0.000,M,0.0,M,,*6D
$GPRMC,000000,V,4044.403,N,07359.414,W,0.00,0.00,010070,,*14
$GPGGA,000000,4044.403,N,07359.414,W,0,00,0.0,0.000,M,0.0,M,,*6B
$GPRMC,000000,V,4044.404,N,07359.417,W,0.00,0.00,010070,,*10
$GPGGA,000000,4044.404,N,07359.417,W,0,00,0.0,0.000,M,0.0,M,,*6F
$GPRMC,000000,V,4044.405,N,07359.419,W,0.00,0.00,010070,,*1F
$GPGGA,000000,4044.405,N,07359.419,W,0,00,0.0,0.000,M,0.0,M,,*60
$GPRMC,000000,V,4044.406,N,07359.422,W,0.00,0.00,010070,,*14
$GPGGA,000000,4044.406,N,07359.422,W,0,00,0.0,0.000,M,0.0,M,,*6B
$GPRMC,000000,V,4044.407,N,07359.425,W,0.00,0.00,010070,,*12
$GPGGA,000000,4044.407,N,07359.425,W,0,00,0.0,0.000,M,0.0,M,,*6D
$GPRMC,000000,V,4044.407,N,07359.428,W,0.00,0.00,010070,,*1F
$GPGGA,000000,4044.407,N,07359.428,W,0,00,0.0,0.000,M,0.0,M,,*60
$GPRMC,000000,V,4044.407,N,07359.431,W,0.00,0.00,010070,,*17
$GPGGA,000000,4044.407,N,07359.431,W,0,00,0.0,0.000,M,0.0,M,,*68
$GPRMC,000000,V,4044.407,N,07359.433,W,0.00,0.00,010070,,*15
$GPGGA,000000,4044.407,N,07359.433,W,0,00,0.0,0.000,M,0.0,M,,*6A
$GPRMC,000000,V,4044.406,N,07359.435,W,0.00,0.00,010070,,*12
$GPGGA,000000,4044.406,N,07359.435,W,0,00,0.0,0.000,M,0.0,M,,*6D
$GPRMC,000000,V,4044.405,N,07359.438,W,0.00,0.00,010070,,*1C
$GPGGA,000000,4044.405,N,07359.438,W,0,00,0.0,0.000,M,0.0,M,,*63
$GPRMC,000000,V,4044.403,N,07359.440,W,0.00,0.00,010070,,*15
$GPGGA,000000,4044.403,N,07359.440,W,0,00,0.0,0.000,M,0.0,M,,*6A
$GPRMC,000000,V,4044.401,N,07359.442,W,0.00,0.00,010070,,*15
$GPGGA,000000,4044.401,N,07359.442,W,0,00,0.0,0.000,M,0.0,M,,*6A
$GPRMC,000000,V,4044.399,N,07359.443,W,0.00,0.00,010070,,*12
$GPGGA,000000,4044.399,N,07359.443,W,0,00,0.0,0.000,M,0.0,M,,*6D
$GPRMC,000000,V,4044.397,N,07359.445,W,0.00,0.00,010070,,*1A
$GPGGA,000000,4044.397,N,07359.445,W,0,00,0.0,0.000,M,0.0,M,,*65
$GPRMC,000000,V,4044.395,N,07359.446,W,0.00,0.00,010070,,*1B
$GPGGA,000000,4044.395,N,07359.446,W,0,00,0.0,0.000,M,0.0,M,,*64
$GPRMC,000000,V,4044.393,N,07359.447,W,0.00,0.00,010070,,*1C
$GPGGA,000000,4044.393,N,07359.447,W,0,00,0.0,0.000,M,0.0,M,,*63
$GPRMC,000000,V,4044.390,N,07359.448,W,0.00,0.00,010070,,*10
$GPGGA,000000,4044.390,N,07359.448,W,0,00,0.0,0.000,M,0.0,M,,*6F
$GPRMC,000000,V,4044.387,N,07359.449,W,0.00,0.00,010070,,*17
$GPGGA,000000,4044.387,N,07359.449,W,0,00,0.0,0.000,M,0.0,M,,*68
$GPRMC,000000,V,4044.385,N,07359.450,W,0.00,0.00,010070,,*1D
$GPGGA,000000,4044.385,N,07359.450,W,0,00,0.0,0.000,M,0.0,M,,*62
$GPRMC,000000,V,4044.383,N,07359.451,W,0.00,0.00,010070,,*1A
$GPGGA,000000,4044.383,N,07359.451,W,0,00,0.0,0.000,M,0.0,M,,*65
$GPRMC,000000,V,4044.381,N,07359.452,W,0.00,0.00,010070,,*1B
$GPGGA,000000,4044.381,N,07359.452,W,0,00,0.0,0.000,M,0.0,M,,*64
$GPRMC,000000,V,4044.379,N,07359.454,W,0.00,0.00,010070,,*1A
$GPGGA,000000,4044.379,N,07359.454,W,0,00,0.0,0.000,M,0.0,M,,*65
$GPRMC,000000,V,4044.377,N,07359.455,W,0.00,0.00,010070,,*15
$GPGGA,000000,4044.377,N,07359.455,W,0,00,0.0,0.000,M,0.0,M,,*6A
$GPRMC,000000,V,4044.374,N,07359.455,W,0.00,0.00,010070,,*16
$GPGGA,000000,4044.374,N,07359.455,W,0,00,0.0,0.000,M,0.0,M,,*69
$GPRMC,000000,V,4044.372,N,07359.454,W,0.00,0.00,010070,,*11
$GPGGA,000000,4044.372,N,07359.454,W,0,00,0.0,0.000,M,0.0,M,,*6E
$GPRMC,000000,V,4044.370,N,07359.453,W,0.00,0.00,010070,,*14
$GPGGA,000000,4044.370,N,07359.453,W,0,00,0.0,0.000,M,0.0,M,,*6B
$GPRMC,000000,V,4044.369,N,07359.451,W,0.00,0.00,010070,,*1E
$GPGGA,000000,4044.369,N,07359.451,W,0,00,0.0,0.000,M,0.0,M,,*61
$GPRMC,000000,V,4044.368,N,07359.448,W,0.00,0.00,010070,,*17
$GPGGA,000000,4044.368,N,07359.448,W,0,00,0.0,0.000,M,0.0,M,,*68
$GPRMC,000000,V,4044.367,N,07359.445,W,0.00,0.00,010070,,*15
$GPGGA,000000,4044.367,N,07359.445,W,0,00,0.0,0.000,M,0.0,M,,*6A
$GPRMC,000000,V,4044.365,N,07359.441,W,0.00,0.00,010070,,*13
$GPGGA,000000,4044.365,N,07359.441,W,0,00,0.0,0.000,M,0.0,M,,*6C
$GPRMC,000000,V,4044.365,N,07359.439,W,0.00,0.00,010070,,*1C
$GPGGA,000000,4044.365,N,07359.439,W,0,00,0.0,0.000,M,0.0,M,,*63
$GPRMC,000000,V,4044.364,N,07359.435,W,0.00,0.00,010070,,*11
$GPGGA,000000,4044.364,N,07359.435,W,0,00,0.0,0.000,M,0.0,M,,*6E
$GPRMC,000000,V,4044.363,N,07359.432,W,0.00,0.00,010070,,*11
$GPGGA,000000,4044.363,N,07359.432,W,0,00,0.0,0.000,M,0.0,M,,*6E
$GPRMC,000000,V,4044.362,N,07359.428,W,0.00,0.00,010070,,*1B
$GPGGA,000000,4044.362,N,07359.428,W,0,00,0.0,0.000,M,0.0,M,,*64
$GPRMC,000000,V,4044.361,N,07359.424,W,0.00,0.00,010070,,*14
$GPGGA,000000,4044.361,N,07359.424,W,0,00,0.0,0.000,M,0.0,M,,*6B
$GPRMC,000000,V,4044.360,N,07359.422,W,0.00,0.00,010070,,*13
$GPGGA,000000,4044.360,N,07359.422,W,0,00,0.0,0.000,M,0.0,M,,*6C
$GPRMC,000000,V,4044.359,N,07359.419,W,0.00,0.00,010070,,*11
$GPGGA,000000,4044.359,N,07359.419,W,0,00,0.0,0.000,M,0.0,M,,*6E
$GPRMC,000000,V,4044.358,N,07359.416,W,0.00,0.00,010070,,*1F
$GPGGA,000000,4044.358,N,07359.416,W,0,00,0.0,0.000,M,0.0,M,,*60
$GPRMC,000000,V,4044.357,N,07359.413,W,0.00,0.00,010070,,*15
$GPGGA,000000,4044.357,N,07359.413,W,0,00,0.0,0.000,M,0.0,M,,*6A
$GPRMC,000000,V,4044.356,N,07359.409,W,0.00,0.00,010070,,*1F
$GPGGA,000000,4044.356,N,07359.409,W,0,00,0.0,0.000,M,0.0,M,,*60
$GPRMC,000000,V,4044.356,N,07359.405,W,0.00,0.00,010070,,*13
$GPGGA,000000,4044.356,N,07359.405,W,0,00,0.0,0.000,M,0.0,M,,*6C
$GPRMC,000000,V,4044.355,N,07359.402,W,0.00,0.00,010070,,*17
$GPGGA,000000,4044.355,N,07359.402,W,0,00,0.0,0.000,M,0.0,M,,*68
$GPRMC,000000,V,4044.355,N,07359.399,W,0.00,0.00,010070,,*12
$GPGGA,000000,4044.355,N,07359.399,W,0,00,0.0,0.000,M,0.0,M,,*6D
$GPRMC,000000,V,4044.355,N,07359.396,W,0.00,0.00,010070,,*1D
$GPGGA,000000,4044.355,N,07359.396,W,0,00,0.0,0.000,M,0.0,M,,*62
$GPRMC,000000,V,4044.356,N,07359.393,W,0.00,0.00,010070,,*1B
$GPGGA,000000,4044.356,N,07359.393,W,0,00,0.0,0.000,M,0.0,M,,*64
$GPRMC,000000,V,4044.357,N,07359.391,W,0.00,0.00,010070,,*18
$GPGGA,000000,4044.357,N,07359.391,W,0,00,0.0,0.000,M,0.0,M,,*67
$GPRMC,000000,V,4044.359,N,07359.390,W,0.00,0.00,010070,,*17
$GPGGA,000000,4044.359,N,07359.390,W,0,00,0.0,0.000,M,0.0,M,,*68
$GPRMC,000000,V,4044.361,N,07359.389,W,0.00,0.00,010070,,*14
$GPGGA,000000,4044.361,N,07359.389,W,0,00,0.0,0.000,M,0.0,M,,*6B
$GPRMC,000000,V,4044.364,N,07359.389,W,0.00,0.00,010070,,*11
$GPGGA,000000,4044.364,N,07359.389,W,0,00,0.0,0.000,M,0.0,M,,*6E
$GPRMC,000000,V,4044.367,N,07359.389,W,0.00,0.00,010070,,*12
$GPGGA,000000,4044.367,N,07359.389,W,0,00,0.0,0.000,M,0.0,M,,*6D
$GPRMC,000000,V,4044.369,N,07359.388,W,0.00,0.00,010070,,*1D
$GPGGA,000000,4044.369,N,07359.388,W,0,00,0.0,0.000,M,0.0,M,,*62
$GPRMC,000000,V,4044.371,N,07359.388,W,0.00,0.00,010070,,*14
$GPGGA,000000,4044.371,N,07359.388,W,0,00,0.0,0.000,M,0.0,M,,*6B
$GPRMC,000000,V,4044.373,N,07359.386,W,0.00,0.00,010070,,*18
$GPGGA,000000,4044.373,N,07359.386,W,0,00,0.0,0.000,M,0.0,M,,*67
$GPRMC,000000,V,4044.374,N,07359.384,W,0.00,0.00,010070,,*1D
$GPGGA,000000,4044.374,N,07359.384,W,0,00,0.0,0.000,M,0.0,M,,*62
$GPRMC,000000,V,4044.374,N,07359.382,W,0.00,0.00,010070,,*1B
$GPGGA,000000,4044.374,N,07359.382,W,0,00,0.0,0.000,M,0.0,M,,*64


